0 info it worked if it ends with ok
1 verbose cli [ 'c:\\Program Files\\nodejs\\node.exe',
1 verbose cli   'c:\\Program Files\\nodejs\\node_modules\\npm\\bin\\npm-cli.js',
1 verbose cli   'start' ]
2 info using npm@3.3.12
3 info using node@v5.3.0
4 verbose run-script [ 'prestart', 'start', 'poststart' ]
5 info lifecycle mongoapp@0.0.0~prestart: mongoapp@0.0.0
6 silly lifecycle mongoapp@0.0.0~prestart: no script for prestart, continuing
7 info lifecycle mongoapp@0.0.0~start: mongoapp@0.0.0
8 verbose lifecycle mongoapp@0.0.0~start: unsafe-perm in lifecycle true
9 verbose lifecycle mongoapp@0.0.0~start: PATH: c:\Program Files\nodejs\node_modules\npm\bin\node-gyp-bin;c:\Users\CHANDAN\Desktop\Checker\mongoapp\node_modules\.bin;c:\Users\CHANDAN\bin;.;C:\Program Files (x86)\Git\local\bin;C:\Program Files (x86)\Git\mingw\bin;C:\Program Files (x86)\Git\bin;c:\Python27\;c:\Python27\Scripts;c:\Program Files (x86)\PC Connectivity Solution\;c:\ProgramData\Oracle\Java\javapath;c:\WinAVR-20100110\bin;c:\Program Files (x86)\MiKTeX 2.9\miktex\bin\;c:\Program Files\Microsoft SQL Server\110\Tools\Binn\;c:\Program Files (x86)\Brackets\command;c:\Program Files (x86)\Windows Live\Shared;c:\Program Files (x86)\QuickTime\QTSystem\;c:\Program Files\nodejs\;c:\Program Files (x86)\ATI Technologies\ATI.ACE\Core-Static;c:\Program Files (x86)\Skype\Phone\;c:\Program Files (x86)\Hewlett-Packard\HP ProtectTools Security Manager\Bin\;c:\Users\CHANDAN\AppData\Roaming\npm
10 verbose lifecycle mongoapp@0.0.0~start: CWD: c:\Users\CHANDAN\Desktop\Checker\mongoapp
11 silly lifecycle mongoapp@0.0.0~start: Args: [ '/d /s /c', 'node ./bin/www' ]
12 silly lifecycle mongoapp@0.0.0~start: Returned: code: 1  signal: null
13 info lifecycle mongoapp@0.0.0~start: Failed to exec start script
14 verbose stack Error: mongoapp@0.0.0 start: `node ./bin/www`
14 verbose stack Exit status 1
14 verbose stack     at EventEmitter.<anonymous> (c:\Program Files\nodejs\node_modules\npm\lib\utils\lifecycle.js:232:16)
14 verbose stack     at emitTwo (events.js:87:13)
14 verbose stack     at EventEmitter.emit (events.js:172:7)
14 verbose stack     at ChildProcess.<anonymous> (c:\Program Files\nodejs\node_modules\npm\lib\utils\spawn.js:24:14)
14 verbose stack     at emitTwo (events.js:87:13)
14 verbose stack     at ChildProcess.emit (events.js:172:7)
14 verbose stack     at maybeClose (internal/child_process.js:818:16)
14 verbose stack     at Process.ChildProcess._handle.onexit (internal/child_process.js:211:5)
15 verbose pkgid mongoapp@0.0.0
16 verbose cwd c:\Users\CHANDAN\Desktop\Checker\mongoapp
17 error Windows_NT 6.2.9200
18 error argv "c:\\Program Files\\nodejs\\node.exe" "c:\\Program Files\\nodejs\\node_modules\\npm\\bin\\npm-cli.js" "start"
19 error node v5.3.0
20 error npm  v3.3.12
21 error code ELIFECYCLE
22 error mongoapp@0.0.0 start: `node ./bin/www`
22 error Exit status 1
23 error Failed at the mongoapp@0.0.0 start script 'node ./bin/www'.
23 error Make sure you have the latest version of node.js and npm installed.
23 error If you do, this is most likely a problem with the mongoapp package,
23 error not with npm itself.
23 error Tell the author that this fails on your system:
23 error     node ./bin/www
23 error You can get their info via:
23 error     npm owner ls mongoapp
23 error There is likely additional logging output above.
24 verbose exit [ 1, true ]
